c:\users\sergij\source\repos\boot-shim\objs\bootshim\arm\debug\vc143.pdb
c:\users\sergij\source\repos\boot-shim\objs\bootshim\arm\debug\efiapp.obj
c:\users\sergij\source\repos\boot-shim\objs\bootshim\arm\debug\context.obj
c:\users\sergij\source\repos\boot-shim\objs\bootshim\arm\debug\blbootconfiguration.obj
c:\users\sergij\source\repos\boot-shim\objs\bootshim\arm\debug\blapplicationentry.obj
c:\users\sergij\source\repos\boot-shim\build\bootshim\arm\debug\bootshim.efi
c:\users\sergij\source\repos\boot-shim\build\bootshim\arm\debug\bootshim.pdb
c:\users\sergij\source\repos\boot-shim\objs\bootshim\arm\debug\processorsupport.obj
c:\users\user\source\repos\boot-shim\objs\bootshim\arm\debug\blapplicationentry.obj
c:\users\user\source\repos\boot-shim\objs\bootshim\arm\debug\blbootconfiguration.obj
c:\users\user\source\repos\boot-shim\objs\bootshim\arm\debug\context.obj
c:\users\user\source\repos\boot-shim\objs\bootshim\arm\debug\efiapp.obj
c:\users\user\source\repos\boot-shim\objs\bootshim\arm\debug\processorsupport.obj
c:\users\user\source\repos\boot-shim\objs\bootshim\arm\debug\vc143.pdb
c:\users\user\source\repos\boot-shim\build\bootshim\arm\debug\bootshim.pdb
c:\users\user\source\repos\boot-shim\build\bootshim\arm\debug\bootshim.efi
c:\users\user\source\repos\boot-shim\objs\bootshim\arm\debug\uefi-simple.vcxproj.filelistabsolute.txt
c:\users\user\source\repos\boot-shim\objs\bootshim\arm\debug\bootshim.tlog\cl.command.1.tlog
c:\users\user\source\repos\boot-shim\objs\bootshim\arm\debug\bootshim.tlog\cl.items.tlog
c:\users\user\source\repos\boot-shim\objs\bootshim\arm\debug\bootshim.tlog\cl.read.1.tlog
c:\users\user\source\repos\boot-shim\objs\bootshim\arm\debug\bootshim.tlog\cl.write.1.tlog
c:\users\user\source\repos\boot-shim\objs\bootshim\arm\debug\bootshim.tlog\link.command.1.tlog
c:\users\user\source\repos\boot-shim\objs\bootshim\arm\debug\bootshim.tlog\link.read.1.tlog
c:\users\user\source\repos\boot-shim\objs\bootshim\arm\debug\bootshim.tlog\link.secondary.1.tlog
c:\users\user\source\repos\boot-shim\objs\bootshim\arm\debug\bootshim.tlog\link.write.1.tlog
c:\users\user\source\repos\boot-shim\objs\bootshim\arm\debug\bootshim.tlog\masm.read.1u.tlog
c:\users\user\source\repos\boot-shim\objs\bootshim\arm\debug\bootshim.tlog\masm.write.1u.tlog
