c:\users\sergij\source\repos\boot-shim\build\gnu-efi\arm\debug\gnu-efi.pdb
c:\users\sergij\source\repos\boot-shim\objs\gnu-efi\arm\debug\rtdata.obj
c:\users\sergij\source\repos\boot-shim\objs\gnu-efi\arm\debug\efirtlib.obj
c:\users\sergij\source\repos\boot-shim\objs\gnu-efi\arm\debug\print.obj
c:\users\sergij\source\repos\boot-shim\objs\gnu-efi\arm\debug\misc.obj
c:\users\sergij\source\repos\boot-shim\objs\gnu-efi\arm\debug\lock.obj
c:\users\sergij\source\repos\boot-shim\objs\gnu-efi\arm\debug\init.obj
c:\users\sergij\source\repos\boot-shim\objs\gnu-efi\arm\debug\hw.obj
c:\users\sergij\source\repos\boot-shim\objs\gnu-efi\arm\debug\hand.obj
c:\users\sergij\source\repos\boot-shim\objs\gnu-efi\arm\debug\guid.obj
c:\users\sergij\source\repos\boot-shim\objs\gnu-efi\arm\debug\event.obj
c:\users\sergij\source\repos\boot-shim\objs\gnu-efi\arm\debug\error.obj
c:\users\sergij\source\repos\boot-shim\objs\gnu-efi\arm\debug\dpath.obj
c:\users\sergij\source\repos\boot-shim\objs\gnu-efi\arm\debug\debug.obj
c:\users\sergij\source\repos\boot-shim\objs\gnu-efi\arm\debug\data.obj
c:\users\sergij\source\repos\boot-shim\objs\gnu-efi\arm\debug\crc.obj
c:\users\sergij\source\repos\boot-shim\objs\gnu-efi\arm\debug\console.obj
c:\users\sergij\source\repos\boot-shim\objs\gnu-efi\arm\debug\cmdline.obj
c:\users\sergij\source\repos\boot-shim\objs\gnu-efi\arm\debug\boxdraw.obj
c:\users\sergij\source\repos\boot-shim\objs\gnu-efi\arm\debug\math.obj
c:\users\sergij\source\repos\boot-shim\objs\gnu-efi\arm\debug\initplat.obj
c:\users\sergij\source\repos\boot-shim\objs\gnu-efi\arm\debug\str.obj
c:\users\sergij\source\repos\boot-shim\objs\gnu-efi\arm\debug\sread.obj
c:\users\sergij\source\repos\boot-shim\objs\gnu-efi\arm\debug\smbios.obj
c:\users\sergij\source\repos\boot-shim\objs\gnu-efi\arm\debug\vm.obj
c:\users\sergij\source\repos\boot-shim\objs\gnu-efi\arm\debug\rtstr.obj
c:\users\sergij\source\repos\boot-shim\objs\gnu-efi\arm\debug\rtlock.obj
c:\users\user\source\repos\boot-shim\build\gnu-efi\arm\debug\gnu-efi.pdb
c:\users\user\source\repos\boot-shim\objs\gnu-efi\arm\debug\rtdata.obj
c:\users\user\source\repos\boot-shim\objs\gnu-efi\arm\debug\efirtlib.obj
c:\users\user\source\repos\boot-shim\objs\gnu-efi\arm\debug\print.obj
c:\users\user\source\repos\boot-shim\objs\gnu-efi\arm\debug\misc.obj
c:\users\user\source\repos\boot-shim\objs\gnu-efi\arm\debug\lock.obj
c:\users\user\source\repos\boot-shim\objs\gnu-efi\arm\debug\init.obj
c:\users\user\source\repos\boot-shim\objs\gnu-efi\arm\debug\hw.obj
c:\users\user\source\repos\boot-shim\objs\gnu-efi\arm\debug\hand.obj
c:\users\user\source\repos\boot-shim\objs\gnu-efi\arm\debug\guid.obj
c:\users\user\source\repos\boot-shim\objs\gnu-efi\arm\debug\event.obj
c:\users\user\source\repos\boot-shim\objs\gnu-efi\arm\debug\error.obj
c:\users\user\source\repos\boot-shim\objs\gnu-efi\arm\debug\dpath.obj
c:\users\user\source\repos\boot-shim\objs\gnu-efi\arm\debug\debug.obj
c:\users\user\source\repos\boot-shim\objs\gnu-efi\arm\debug\data.obj
c:\users\user\source\repos\boot-shim\objs\gnu-efi\arm\debug\crc.obj
c:\users\user\source\repos\boot-shim\objs\gnu-efi\arm\debug\console.obj
c:\users\user\source\repos\boot-shim\objs\gnu-efi\arm\debug\cmdline.obj
c:\users\user\source\repos\boot-shim\objs\gnu-efi\arm\debug\boxdraw.obj
c:\users\user\source\repos\boot-shim\objs\gnu-efi\arm\debug\math.obj
c:\users\user\source\repos\boot-shim\objs\gnu-efi\arm\debug\initplat.obj
c:\users\user\source\repos\boot-shim\objs\gnu-efi\arm\debug\str.obj
c:\users\user\source\repos\boot-shim\objs\gnu-efi\arm\debug\sread.obj
c:\users\user\source\repos\boot-shim\objs\gnu-efi\arm\debug\smbios.obj
c:\users\user\source\repos\boot-shim\objs\gnu-efi\arm\debug\vm.obj
c:\users\user\source\repos\boot-shim\objs\gnu-efi\arm\debug\rtstr.obj
c:\users\user\source\repos\boot-shim\objs\gnu-efi\arm\debug\rtlock.obj
c:\users\sergij\source\repos\boot-shim\build\gnu-efi\arm\debug\gnu-efi.lib
c:\users\user\source\repos\boot-shim\objs\gnu-efi\arm\debug\gnu-efi.vcxproj.filelistabsolute.txt
c:\users\user\source\repos\boot-shim\objs\gnu-efi\arm\debug\gnu-efi.tlog\cl.command.1.tlog
c:\users\user\source\repos\boot-shim\objs\gnu-efi\arm\debug\gnu-efi.tlog\cl.items.tlog
c:\users\user\source\repos\boot-shim\objs\gnu-efi\arm\debug\gnu-efi.tlog\cl.read.1.tlog
c:\users\user\source\repos\boot-shim\objs\gnu-efi\arm\debug\gnu-efi.tlog\cl.write.1.tlog
c:\users\user\source\repos\boot-shim\objs\gnu-efi\arm\debug\gnu-efi.tlog\lib-link.read.1.tlog
c:\users\user\source\repos\boot-shim\objs\gnu-efi\arm\debug\gnu-efi.tlog\lib-link.write.1.tlog
c:\users\user\source\repos\boot-shim\objs\gnu-efi\arm\debug\gnu-efi.tlog\lib.command.1.tlog
